<?xml version="1.0" encoding="UTF-8"?>
<!-- Generated by org.testng.reporters.JUnitXMLReporter -->
<testsuite hostname="E7841-Tech" ignored="0" name="Login" tests="5" failures="0" timestamp="26 Nov 2019 11:04:38 GMT" time="248.316" errors="0">
  <testcase name="doregisteration" time="29.7" classname="testCases.RegistrationTest"/>
  <testcase name="doLogin" time="43.608" classname="testCases.LoginTest"/>
  <testcase name="doLogin" time="82.546" classname="testCases.ChangePasswordTest"/>
  <testcase name="doLogin" time="44.989" classname="testCases.ForgotPasswordTest"/>
  <testcase name="doLogin" time="46.773" classname="testCases.LogoutTest"/>
</testsuite> <!-- Login -->
